<?xml version="1.0" encoding="UTF-8"?>
<testsuite xmlns:xsi="http://www.w3.org/2001/XMLSchema-instance" xsi:noNamespaceSchemaLocation="https://maven.apache.org/surefire/maven-surefire-plugin/xsd/surefire-test-report.xsd" name="com.rabo.assignment.employee.EmployeeApplicationTests" time="9.17" tests="0" errors="0" skipped="0" failures="0">
  <properties>
    <property name="sun.desktop" value="windows"/>
    <property name="awt.toolkit" value="sun.awt.windows.WToolkit"/>
    <property name="java.specification.version" value="11"/>
    <property name="sun.cpu.isalist" value="amd64"/>
    <property name="sun.jnu.encoding" value="Cp1252"/>
    <property name="java.class.path" value="C:\Users\Nitesh.kc\personal\Assignment\employee\target\test-classes;C:\Users\Nitesh.kc\personal\Assignment\employee\target\classes;C:\Users\Nitesh.kc\.m2\org\springframework\boot\spring-boot-starter\2.2.10.BUILD-SNAPSHOT\spring-boot-starter-2.2.10.BUILD-SNAPSHOT.jar;C:\Users\Nitesh.kc\.m2\org\springframework\boot\spring-boot\2.2.10.BUILD-SNAPSHOT\spring-boot-2.2.10.BUILD-SNAPSHOT.jar;C:\Users\Nitesh.kc\.m2\org\springframework\spring-context\5.2.8.RELEASE\spring-context-5.2.8.RELEASE.jar;C:\Users\Nitesh.kc\.m2\org\springframework\boot\spring-boot-autoconfigure\2.2.10.BUILD-SNAPSHOT\spring-boot-autoconfigure-2.2.10.BUILD-SNAPSHOT.jar;C:\Users\Nitesh.kc\.m2\org\springframework\boot\spring-boot-starter-logging\2.2.10.BUILD-SNAPSHOT\spring-boot-starter-logging-2.2.10.BUILD-SNAPSHOT.jar;C:\Users\Nitesh.kc\.m2\ch\qos\logback\logback-classic\1.2.3\logback-classic-1.2.3.jar;C:\Users\Nitesh.kc\.m2\ch\qos\logback\logback-core\1.2.3\logback-core-1.2.3.jar;C:\Users\Nitesh.kc\.m2\org\apache\logging\log4j\log4j-to-slf4j\2.12.1\log4j-to-slf4j-2.12.1.jar;C:\Users\Nitesh.kc\.m2\org\apache\logging\log4j\log4j-api\2.12.1\log4j-api-2.12.1.jar;C:\Users\Nitesh.kc\.m2\org\slf4j\jul-to-slf4j\1.7.30\jul-to-slf4j-1.7.30.jar;C:\Users\Nitesh.kc\.m2\jakarta\annotation\jakarta.annotation-api\1.3.5\jakarta.annotation-api-1.3.5.jar;C:\Users\Nitesh.kc\.m2\org\springframework\spring-core\5.2.8.RELEASE\spring-core-5.2.8.RELEASE.jar;C:\Users\Nitesh.kc\.m2\org\springframework\spring-jcl\5.2.8.RELEASE\spring-jcl-5.2.8.RELEASE.jar;C:\Users\Nitesh.kc\.m2\org\yaml\snakeyaml\1.25\snakeyaml-1.25.jar;C:\Users\Nitesh.kc\.m2\org\springframework\boot\spring-boot-starter-test\2.2.10.BUILD-SNAPSHOT\spring-boot-starter-test-2.2.10.BUILD-SNAPSHOT.jar;C:\Users\Nitesh.kc\.m2\org\springframework\boot\spring-boot-test\2.2.10.BUILD-SNAPSHOT\spring-boot-test-2.2.10.BUILD-SNAPSHOT.jar;C:\Users\Nitesh.kc\.m2\org\springframework\boot\spring-boot-test-autoconfigure\2.2.10.BUILD-SNAPSHOT\spring-boot-test-autoconfigure-2.2.10.BUILD-SNAPSHOT.jar;C:\Users\Nitesh.kc\.m2\com\jayway\jsonpath\json-path\2.4.0\json-path-2.4.0.jar;C:\Users\Nitesh.kc\.m2\net\minidev\json-smart\2.3\json-smart-2.3.jar;C:\Users\Nitesh.kc\.m2\net\minidev\accessors-smart\1.2\accessors-smart-1.2.jar;C:\Users\Nitesh.kc\.m2\jakarta\xml\bind\jakarta.xml.bind-api\2.3.3\jakarta.xml.bind-api-2.3.3.jar;C:\Users\Nitesh.kc\.m2\jakarta\activation\jakarta.activation-api\1.2.2\jakarta.activation-api-1.2.2.jar;C:\Users\Nitesh.kc\.m2\org\junit\jupiter\junit-jupiter\5.5.2\junit-jupiter-5.5.2.jar;C:\Users\Nitesh.kc\.m2\org\junit\jupiter\junit-jupiter-api\5.5.2\junit-jupiter-api-5.5.2.jar;C:\Users\Nitesh.kc\.m2\org\apiguardian\apiguardian-api\1.1.0\apiguardian-api-1.1.0.jar;C:\Users\Nitesh.kc\.m2\org\opentest4j\opentest4j\1.2.0\opentest4j-1.2.0.jar;C:\Users\Nitesh.kc\.m2\org\junit\platform\junit-platform-commons\1.5.2\junit-platform-commons-1.5.2.jar;C:\Users\Nitesh.kc\.m2\org\junit\jupiter\junit-jupiter-params\5.5.2\junit-jupiter-params-5.5.2.jar;C:\Users\Nitesh.kc\.m2\org\junit\jupiter\junit-jupiter-engine\5.5.2\junit-jupiter-engine-5.5.2.jar;C:\Users\Nitesh.kc\.m2\org\junit\platform\junit-platform-engine\1.5.2\junit-platform-engine-1.5.2.jar;C:\Users\Nitesh.kc\.m2\org\mockito\mockito-junit-jupiter\3.1.0\mockito-junit-jupiter-3.1.0.jar;C:\Users\Nitesh.kc\.m2\org\assertj\assertj-core\3.13.2\assertj-core-3.13.2.jar;C:\Users\Nitesh.kc\.m2\org\hamcrest\hamcrest\2.1\hamcrest-2.1.jar;C:\Users\Nitesh.kc\.m2\org\mockito\mockito-core\3.1.0\mockito-core-3.1.0.jar;C:\Users\Nitesh.kc\.m2\net\bytebuddy\byte-buddy\1.10.13\byte-buddy-1.10.13.jar;C:\Users\Nitesh.kc\.m2\net\bytebuddy\byte-buddy-agent\1.10.13\byte-buddy-agent-1.10.13.jar;C:\Users\Nitesh.kc\.m2\org\objenesis\objenesis\2.6\objenesis-2.6.jar;C:\Users\Nitesh.kc\.m2\org\skyscreamer\jsonassert\1.5.0\jsonassert-1.5.0.jar;C:\Users\Nitesh.kc\.m2\com\vaadin\external\google\android-json\0.0.20131108.vaadin1\android-json-0.0.20131108.vaadin1.jar;C:\Users\Nitesh.kc\.m2\org\springframework\spring-test\5.2.8.RELEASE\spring-test-5.2.8.RELEASE.jar;C:\Users\Nitesh.kc\.m2\org\xmlunit\xmlunit-core\2.6.4\xmlunit-core-2.6.4.jar;C:\Users\Nitesh.kc\.m2\org\springframework\boot\spring-boot-starter-web\2.2.10.BUILD-SNAPSHOT\spring-boot-starter-web-2.2.10.BUILD-SNAPSHOT.jar;C:\Users\Nitesh.kc\.m2\org\springframework\boot\spring-boot-starter-json\2.2.10.BUILD-SNAPSHOT\spring-boot-starter-json-2.2.10.BUILD-SNAPSHOT.jar;C:\Users\Nitesh.kc\.m2\com\fasterxml\jackson\datatype\jackson-datatype-jdk8\2.10.5\jackson-datatype-jdk8-2.10.5.jar;C:\Users\Nitesh.kc\.m2\com\fasterxml\jackson\datatype\jackson-datatype-jsr310\2.10.5\jackson-datatype-jsr310-2.10.5.jar;C:\Users\Nitesh.kc\.m2\com\fasterxml\jackson\module\jackson-module-parameter-names\2.10.5\jackson-module-parameter-names-2.10.5.jar;C:\Users\Nitesh.kc\.m2\org\springframework\boot\spring-boot-starter-tomcat\2.2.10.BUILD-SNAPSHOT\spring-boot-starter-tomcat-2.2.10.BUILD-SNAPSHOT.jar;C:\Users\Nitesh.kc\.m2\org\apache\tomcat\embed\tomcat-embed-core\9.0.37\tomcat-embed-core-9.0.37.jar;C:\Users\Nitesh.kc\.m2\org\apache\tomcat\embed\tomcat-embed-el\9.0.37\tomcat-embed-el-9.0.37.jar;C:\Users\Nitesh.kc\.m2\org\apache\tomcat\embed\tomcat-embed-websocket\9.0.37\tomcat-embed-websocket-9.0.37.jar;C:\Users\Nitesh.kc\.m2\org\springframework\boot\spring-boot-starter-validation\2.2.10.BUILD-SNAPSHOT\spring-boot-starter-validation-2.2.10.BUILD-SNAPSHOT.jar;C:\Users\Nitesh.kc\.m2\jakarta\validation\jakarta.validation-api\2.0.2\jakarta.validation-api-2.0.2.jar;C:\Users\Nitesh.kc\.m2\org\hibernate\validator\hibernate-validator\6.0.20.Final\hibernate-validator-6.0.20.Final.jar;C:\Users\Nitesh.kc\.m2\org\jboss\logging\jboss-logging\3.4.1.Final\jboss-logging-3.4.1.Final.jar;C:\Users\Nitesh.kc\.m2\com\fasterxml\classmate\1.5.1\classmate-1.5.1.jar;C:\Users\Nitesh.kc\.m2\org\springframework\spring-web\5.2.8.RELEASE\spring-web-5.2.8.RELEASE.jar;C:\Users\Nitesh.kc\.m2\org\springframework\spring-beans\5.2.8.RELEASE\spring-beans-5.2.8.RELEASE.jar;C:\Users\Nitesh.kc\.m2\org\springframework\spring-webmvc\5.2.8.RELEASE\spring-webmvc-5.2.8.RELEASE.jar;C:\Users\Nitesh.kc\.m2\org\springframework\spring-aop\5.2.8.RELEASE\spring-aop-5.2.8.RELEASE.jar;C:\Users\Nitesh.kc\.m2\org\springframework\spring-expression\5.2.8.RELEASE\spring-expression-5.2.8.RELEASE.jar;C:\Users\Nitesh.kc\.m2\info\cukes\cucumber-java\1.2.5\cucumber-java-1.2.5.jar;C:\Users\Nitesh.kc\.m2\info\cukes\cucumber-core\1.2.5\cucumber-core-1.2.5.jar;C:\Users\Nitesh.kc\.m2\info\cukes\cucumber-html\0.2.3\cucumber-html-0.2.3.jar;C:\Users\Nitesh.kc\.m2\info\cukes\cucumber-jvm-deps\1.0.5\cucumber-jvm-deps-1.0.5.jar;C:\Users\Nitesh.kc\.m2\info\cukes\gherkin\2.12.2\gherkin-2.12.2.jar;C:\Users\Nitesh.kc\.m2\info\cukes\cucumber-junit\1.2.5\cucumber-junit-1.2.5.jar;C:\Users\Nitesh.kc\.m2\junit\junit\4.12\junit-4.12.jar;C:\Users\Nitesh.kc\.m2\org\hamcrest\hamcrest-core\2.1\hamcrest-core-2.1.jar;C:\Users\Nitesh.kc\.m2\io\rest-assured\spring-mock-mvc\4.2.0\spring-mock-mvc-4.2.0.jar;C:\Users\Nitesh.kc\.m2\io\rest-assured\rest-assured\3.3.0\rest-assured-3.3.0.jar;C:\Users\Nitesh.kc\.m2\org\codehaus\groovy\groovy\2.5.13\groovy-2.5.13.jar;C:\Users\Nitesh.kc\.m2\org\codehaus\groovy\groovy-xml\2.5.13\groovy-xml-2.5.13.jar;C:\Users\Nitesh.kc\.m2\org\hamcrest\hamcrest-library\2.1\hamcrest-library-2.1.jar;C:\Users\Nitesh.kc\.m2\org\ccil\cowan\tagsoup\tagsoup\1.2.1\tagsoup-1.2.1.jar;C:\Users\Nitesh.kc\.m2\io\rest-assured\json-path\3.3.0\json-path-3.3.0.jar;C:\Users\Nitesh.kc\.m2\org\codehaus\groovy\groovy-json\2.5.13\groovy-json-2.5.13.jar;C:\Users\Nitesh.kc\.m2\io\rest-assured\rest-assured-common\3.3.0\rest-assured-common-3.3.0.jar;C:\Users\Nitesh.kc\.m2\io\rest-assured\xml-path\3.3.0\xml-path-3.3.0.jar;C:\Users\Nitesh.kc\.m2\javax\xml\bind\jaxb-api\2.3.1\jaxb-api-2.3.1.jar;C:\Users\Nitesh.kc\.m2\javax\activation\javax.activation-api\1.2.0\javax.activation-api-1.2.0.jar;C:\Users\Nitesh.kc\.m2\com\sun\xml\bind\jaxb-osgi\2.2.10\jaxb-osgi-2.2.10.jar;C:\Users\Nitesh.kc\.m2\org\apache\sling\org.apache.sling.javax.activation\0.1.0\org.apache.sling.javax.activation-0.1.0.jar;C:\Users\Nitesh.kc\.m2\javax\activation\activation\1.1.1\activation-1.1.1.jar;C:\Users\Nitesh.kc\.m2\io\rest-assured\spring-commons\4.2.0\spring-commons-4.2.0.jar;C:\Users\Nitesh.kc\.m2\com\github\tomakehurst\wiremock\2.26.3\wiremock-2.26.3.jar;C:\Users\Nitesh.kc\.m2\org\eclipse\jetty\jetty-server\9.4.30.v20200611\jetty-server-9.4.30.v20200611.jar;C:\Users\Nitesh.kc\.m2\javax\servlet\javax.servlet-api\4.0.1\javax.servlet-api-4.0.1.jar;C:\Users\Nitesh.kc\.m2\org\eclipse\jetty\jetty-http\9.4.30.v20200611\jetty-http-9.4.30.v20200611.jar;C:\Users\Nitesh.kc\.m2\org\eclipse\jetty\jetty-io\9.4.30.v20200611\jetty-io-9.4.30.v20200611.jar;C:\Users\Nitesh.kc\.m2\org\eclipse\jetty\jetty-servlet\9.4.30.v20200611\jetty-servlet-9.4.30.v20200611.jar;C:\Users\Nitesh.kc\.m2\org\eclipse\jetty\jetty-security\9.4.30.v20200611\jetty-security-9.4.30.v20200611.jar;C:\Users\Nitesh.kc\.m2\org\eclipse\jetty\jetty-servlets\9.4.30.v20200611\jetty-servlets-9.4.30.v20200611.jar;C:\Users\Nitesh.kc\.m2\org\eclipse\jetty\jetty-continuation\9.4.30.v20200611\jetty-continuation-9.4.30.v20200611.jar;C:\Users\Nitesh.kc\.m2\org\eclipse\jetty\jetty-util\9.4.30.v20200611\jetty-util-9.4.30.v20200611.jar;C:\Users\Nitesh.kc\.m2\org\eclipse\jetty\jetty-webapp\9.4.30.v20200611\jetty-webapp-9.4.30.v20200611.jar;C:\Users\Nitesh.kc\.m2\org\eclipse\jetty\jetty-xml\9.4.30.v20200611\jetty-xml-9.4.30.v20200611.jar;C:\Users\Nitesh.kc\.m2\com\google\guava\guava\20.0\guava-20.0.jar;C:\Users\Nitesh.kc\.m2\com\fasterxml\jackson\core\jackson-core\2.10.5\jackson-core-2.10.5.jar;C:\Users\Nitesh.kc\.m2\com\fasterxml\jackson\core\jackson-annotations\2.10.5\jackson-annotations-2.10.5.jar;C:\Users\Nitesh.kc\.m2\com\fasterxml\jackson\core\jackson-databind\2.10.5\jackson-databind-2.10.5.jar;C:\Users\Nitesh.kc\.m2\org\apache\httpcomponents\httpclient\4.5.12\httpclient-4.5.12.jar;C:\Users\Nitesh.kc\.m2\org\apache\httpcomponents\httpcore\4.4.13\httpcore-4.4.13.jar;C:\Users\Nitesh.kc\.m2\commons-codec\commons-codec\1.13\commons-codec-1.13.jar;C:\Users\Nitesh.kc\.m2\org\xmlunit\xmlunit-legacy\2.6.4\xmlunit-legacy-2.6.4.jar;C:\Users\Nitesh.kc\.m2\org\xmlunit\xmlunit-placeholders\2.6.4\xmlunit-placeholders-2.6.4.jar;C:\Users\Nitesh.kc\.m2\org\ow2\asm\asm\7.0\asm-7.0.jar;C:\Users\Nitesh.kc\.m2\org\slf4j\slf4j-api\1.7.30\slf4j-api-1.7.30.jar;C:\Users\Nitesh.kc\.m2\net\sf\jopt-simple\jopt-simple\5.0.3\jopt-simple-5.0.3.jar;C:\Users\Nitesh.kc\.m2\org\apache\commons\commons-lang3\3.9\commons-lang3-3.9.jar;C:\Users\Nitesh.kc\.m2\com\github\jknack\handlebars\4.0.7\handlebars-4.0.7.jar;C:\Users\Nitesh.kc\.m2\org\antlr\antlr4-runtime\4.7.1\antlr4-runtime-4.7.1.jar;C:\Users\Nitesh.kc\.m2\com\github\jknack\handlebars-helpers\4.0.7\handlebars-helpers-4.0.7.jar;C:\Users\Nitesh.kc\.m2\com\flipkart\zjsonpatch\zjsonpatch\0.4.4\zjsonpatch-0.4.4.jar;C:\Users\Nitesh.kc\.m2\commons-fileupload\commons-fileupload\1.4\commons-fileupload-1.4.jar;C:\Users\Nitesh.kc\.m2\commons-io\commons-io\2.2\commons-io-2.2.jar;C:\Users\Nitesh.kc\.m2\com\vimalselvam\cucumber-extentsreport\3.1.1\cucumber-extentsreport-3.1.1.jar;C:\Users\Nitesh.kc\.m2\com\aventstack\extentreports\3.1.5\extentreports-3.1.5.jar;C:\Users\Nitesh.kc\.m2\org\freemarker\freemarker\2.3.30\freemarker-2.3.30.jar;C:\Users\Nitesh.kc\.m2\org\mongodb\mongodb-driver\3.11.2\mongodb-driver-3.11.2.jar;C:\Users\Nitesh.kc\.m2\org\mongodb\bson\3.11.2\bson-3.11.2.jar;C:\Users\Nitesh.kc\.m2\org\mongodb\mongodb-driver-core\3.11.2\mongodb-driver-core-3.11.2.jar;C:\Users\Nitesh.kc\.m2\org\apache\httpcomponents\httpmime\4.5.12\httpmime-4.5.12.jar;C:\Users\Nitesh.kc\.m2\org\jsoup\jsoup\1.9.2\jsoup-1.9.2.jar;C:\Users\Nitesh.kc\.m2\com\google\code\gson\gson\2.8.6\gson-2.8.6.jar;C:\Users\Nitesh.kc\.m2\org\testng\testng\7.0.0\testng-7.0.0.jar;C:\Users\Nitesh.kc\.m2\com\beust\jcommander\1.72\jcommander-1.72.jar;"/>
    <property name="java.vm.vendor" value="Oracle Corporation"/>
    <property name="sun.arch.data.model" value="64"/>
    <property name="user.variant" value=""/>
    <property name="java.vendor.url" value="https://openjdk.java.net/"/>
    <property name="user.timezone" value="Europe/Berlin"/>
    <property name="user.country.format" value="NL"/>
    <property name="java.vm.specification.version" value="11"/>
    <property name="os.name" value="Windows 10"/>
    <property name="sun.java.launcher" value="SUN_STANDARD"/>
    <property name="user.country" value="GB"/>
    <property name="sun.boot.library.path" value="C:\Program Files\Java\jdk-11.0.7\bin"/>
    <property name="sun.java.command" value="C:\Users\Nitesh.kc\AppData\Local\Temp\surefire6116610243378524641\surefirebooter10663518114981364938.jar C:\Users\Nitesh.kc\AppData\Local\Temp\surefire6116610243378524641 2020-08-30T19-23-41_035-jvmRun1 surefire1599257468547434854tmp surefire_012323543782958907750tmp"/>
    <property name="jdk.debug" value="release"/>
    <property name="surefire.test.class.path" value="C:\Users\Nitesh.kc\personal\Assignment\employee\target\test-classes;C:\Users\Nitesh.kc\personal\Assignment\employee\target\classes;C:\Users\Nitesh.kc\.m2\org\springframework\boot\spring-boot-starter\2.2.10.BUILD-SNAPSHOT\spring-boot-starter-2.2.10.BUILD-SNAPSHOT.jar;C:\Users\Nitesh.kc\.m2\org\springframework\boot\spring-boot\2.2.10.BUILD-SNAPSHOT\spring-boot-2.2.10.BUILD-SNAPSHOT.jar;C:\Users\Nitesh.kc\.m2\org\springframework\spring-context\5.2.8.RELEASE\spring-context-5.2.8.RELEASE.jar;C:\Users\Nitesh.kc\.m2\org\springframework\boot\spring-boot-autoconfigure\2.2.10.BUILD-SNAPSHOT\spring-boot-autoconfigure-2.2.10.BUILD-SNAPSHOT.jar;C:\Users\Nitesh.kc\.m2\org\springframework\boot\spring-boot-starter-logging\2.2.10.BUILD-SNAPSHOT\spring-boot-starter-logging-2.2.10.BUILD-SNAPSHOT.jar;C:\Users\Nitesh.kc\.m2\ch\qos\logback\logback-classic\1.2.3\logback-classic-1.2.3.jar;C:\Users\Nitesh.kc\.m2\ch\qos\logback\logback-core\1.2.3\logback-core-1.2.3.jar;C:\Users\Nitesh.kc\.m2\org\apache\logging\log4j\log4j-to-slf4j\2.12.1\log4j-to-slf4j-2.12.1.jar;C:\Users\Nitesh.kc\.m2\org\apache\logging\log4j\log4j-api\2.12.1\log4j-api-2.12.1.jar;C:\Users\Nitesh.kc\.m2\org\slf4j\jul-to-slf4j\1.7.30\jul-to-slf4j-1.7.30.jar;C:\Users\Nitesh.kc\.m2\jakarta\annotation\jakarta.annotation-api\1.3.5\jakarta.annotation-api-1.3.5.jar;C:\Users\Nitesh.kc\.m2\org\springframework\spring-core\5.2.8.RELEASE\spring-core-5.2.8.RELEASE.jar;C:\Users\Nitesh.kc\.m2\org\springframework\spring-jcl\5.2.8.RELEASE\spring-jcl-5.2.8.RELEASE.jar;C:\Users\Nitesh.kc\.m2\org\yaml\snakeyaml\1.25\snakeyaml-1.25.jar;C:\Users\Nitesh.kc\.m2\org\springframework\boot\spring-boot-starter-test\2.2.10.BUILD-SNAPSHOT\spring-boot-starter-test-2.2.10.BUILD-SNAPSHOT.jar;C:\Users\Nitesh.kc\.m2\org\springframework\boot\spring-boot-test\2.2.10.BUILD-SNAPSHOT\spring-boot-test-2.2.10.BUILD-SNAPSHOT.jar;C:\Users\Nitesh.kc\.m2\org\springframework\boot\spring-boot-test-autoconfigure\2.2.10.BUILD-SNAPSHOT\spring-boot-test-autoconfigure-2.2.10.BUILD-SNAPSHOT.jar;C:\Users\Nitesh.kc\.m2\com\jayway\jsonpath\json-path\2.4.0\json-path-2.4.0.jar;C:\Users\Nitesh.kc\.m2\net\minidev\json-smart\2.3\json-smart-2.3.jar;C:\Users\Nitesh.kc\.m2\net\minidev\accessors-smart\1.2\accessors-smart-1.2.jar;C:\Users\Nitesh.kc\.m2\jakarta\xml\bind\jakarta.xml.bind-api\2.3.3\jakarta.xml.bind-api-2.3.3.jar;C:\Users\Nitesh.kc\.m2\jakarta\activation\jakarta.activation-api\1.2.2\jakarta.activation-api-1.2.2.jar;C:\Users\Nitesh.kc\.m2\org\junit\jupiter\junit-jupiter\5.5.2\junit-jupiter-5.5.2.jar;C:\Users\Nitesh.kc\.m2\org\junit\jupiter\junit-jupiter-api\5.5.2\junit-jupiter-api-5.5.2.jar;C:\Users\Nitesh.kc\.m2\org\apiguardian\apiguardian-api\1.1.0\apiguardian-api-1.1.0.jar;C:\Users\Nitesh.kc\.m2\org\opentest4j\opentest4j\1.2.0\opentest4j-1.2.0.jar;C:\Users\Nitesh.kc\.m2\org\junit\platform\junit-platform-commons\1.5.2\junit-platform-commons-1.5.2.jar;C:\Users\Nitesh.kc\.m2\org\junit\jupiter\junit-jupiter-params\5.5.2\junit-jupiter-params-5.5.2.jar;C:\Users\Nitesh.kc\.m2\org\junit\jupiter\junit-jupiter-engine\5.5.2\junit-jupiter-engine-5.5.2.jar;C:\Users\Nitesh.kc\.m2\org\junit\platform\junit-platform-engine\1.5.2\junit-platform-engine-1.5.2.jar;C:\Users\Nitesh.kc\.m2\org\mockito\mockito-junit-jupiter\3.1.0\mockito-junit-jupiter-3.1.0.jar;C:\Users\Nitesh.kc\.m2\org\assertj\assertj-core\3.13.2\assertj-core-3.13.2.jar;C:\Users\Nitesh.kc\.m2\org\hamcrest\hamcrest\2.1\hamcrest-2.1.jar;C:\Users\Nitesh.kc\.m2\org\mockito\mockito-core\3.1.0\mockito-core-3.1.0.jar;C:\Users\Nitesh.kc\.m2\net\bytebuddy\byte-buddy\1.10.13\byte-buddy-1.10.13.jar;C:\Users\Nitesh.kc\.m2\net\bytebuddy\byte-buddy-agent\1.10.13\byte-buddy-agent-1.10.13.jar;C:\Users\Nitesh.kc\.m2\org\objenesis\objenesis\2.6\objenesis-2.6.jar;C:\Users\Nitesh.kc\.m2\org\skyscreamer\jsonassert\1.5.0\jsonassert-1.5.0.jar;C:\Users\Nitesh.kc\.m2\com\vaadin\external\google\android-json\0.0.20131108.vaadin1\android-json-0.0.20131108.vaadin1.jar;C:\Users\Nitesh.kc\.m2\org\springframework\spring-test\5.2.8.RELEASE\spring-test-5.2.8.RELEASE.jar;C:\Users\Nitesh.kc\.m2\org\xmlunit\xmlunit-core\2.6.4\xmlunit-core-2.6.4.jar;C:\Users\Nitesh.kc\.m2\org\springframework\boot\spring-boot-starter-web\2.2.10.BUILD-SNAPSHOT\spring-boot-starter-web-2.2.10.BUILD-SNAPSHOT.jar;C:\Users\Nitesh.kc\.m2\org\springframework\boot\spring-boot-starter-json\2.2.10.BUILD-SNAPSHOT\spring-boot-starter-json-2.2.10.BUILD-SNAPSHOT.jar;C:\Users\Nitesh.kc\.m2\com\fasterxml\jackson\datatype\jackson-datatype-jdk8\2.10.5\jackson-datatype-jdk8-2.10.5.jar;C:\Users\Nitesh.kc\.m2\com\fasterxml\jackson\datatype\jackson-datatype-jsr310\2.10.5\jackson-datatype-jsr310-2.10.5.jar;C:\Users\Nitesh.kc\.m2\com\fasterxml\jackson\module\jackson-module-parameter-names\2.10.5\jackson-module-parameter-names-2.10.5.jar;C:\Users\Nitesh.kc\.m2\org\springframework\boot\spring-boot-starter-tomcat\2.2.10.BUILD-SNAPSHOT\spring-boot-starter-tomcat-2.2.10.BUILD-SNAPSHOT.jar;C:\Users\Nitesh.kc\.m2\org\apache\tomcat\embed\tomcat-embed-core\9.0.37\tomcat-embed-core-9.0.37.jar;C:\Users\Nitesh.kc\.m2\org\apache\tomcat\embed\tomcat-embed-el\9.0.37\tomcat-embed-el-9.0.37.jar;C:\Users\Nitesh.kc\.m2\org\apache\tomcat\embed\tomcat-embed-websocket\9.0.37\tomcat-embed-websocket-9.0.37.jar;C:\Users\Nitesh.kc\.m2\org\springframework\boot\spring-boot-starter-validation\2.2.10.BUILD-SNAPSHOT\spring-boot-starter-validation-2.2.10.BUILD-SNAPSHOT.jar;C:\Users\Nitesh.kc\.m2\jakarta\validation\jakarta.validation-api\2.0.2\jakarta.validation-api-2.0.2.jar;C:\Users\Nitesh.kc\.m2\org\hibernate\validator\hibernate-validator\6.0.20.Final\hibernate-validator-6.0.20.Final.jar;C:\Users\Nitesh.kc\.m2\org\jboss\logging\jboss-logging\3.4.1.Final\jboss-logging-3.4.1.Final.jar;C:\Users\Nitesh.kc\.m2\com\fasterxml\classmate\1.5.1\classmate-1.5.1.jar;C:\Users\Nitesh.kc\.m2\org\springframework\spring-web\5.2.8.RELEASE\spring-web-5.2.8.RELEASE.jar;C:\Users\Nitesh.kc\.m2\org\springframework\spring-beans\5.2.8.RELEASE\spring-beans-5.2.8.RELEASE.jar;C:\Users\Nitesh.kc\.m2\org\springframework\spring-webmvc\5.2.8.RELEASE\spring-webmvc-5.2.8.RELEASE.jar;C:\Users\Nitesh.kc\.m2\org\springframework\spring-aop\5.2.8.RELEASE\spring-aop-5.2.8.RELEASE.jar;C:\Users\Nitesh.kc\.m2\org\springframework\spring-expression\5.2.8.RELEASE\spring-expression-5.2.8.RELEASE.jar;C:\Users\Nitesh.kc\.m2\info\cukes\cucumber-java\1.2.5\cucumber-java-1.2.5.jar;C:\Users\Nitesh.kc\.m2\info\cukes\cucumber-core\1.2.5\cucumber-core-1.2.5.jar;C:\Users\Nitesh.kc\.m2\info\cukes\cucumber-html\0.2.3\cucumber-html-0.2.3.jar;C:\Users\Nitesh.kc\.m2\info\cukes\cucumber-jvm-deps\1.0.5\cucumber-jvm-deps-1.0.5.jar;C:\Users\Nitesh.kc\.m2\info\cukes\gherkin\2.12.2\gherkin-2.12.2.jar;C:\Users\Nitesh.kc\.m2\info\cukes\cucumber-junit\1.2.5\cucumber-junit-1.2.5.jar;C:\Users\Nitesh.kc\.m2\junit\junit\4.12\junit-4.12.jar;C:\Users\Nitesh.kc\.m2\org\hamcrest\hamcrest-core\2.1\hamcrest-core-2.1.jar;C:\Users\Nitesh.kc\.m2\io\rest-assured\spring-mock-mvc\4.2.0\spring-mock-mvc-4.2.0.jar;C:\Users\Nitesh.kc\.m2\io\rest-assured\rest-assured\3.3.0\rest-assured-3.3.0.jar;C:\Users\Nitesh.kc\.m2\org\codehaus\groovy\groovy\2.5.13\groovy-2.5.13.jar;C:\Users\Nitesh.kc\.m2\org\codehaus\groovy\groovy-xml\2.5.13\groovy-xml-2.5.13.jar;C:\Users\Nitesh.kc\.m2\org\hamcrest\hamcrest-library\2.1\hamcrest-library-2.1.jar;C:\Users\Nitesh.kc\.m2\org\ccil\cowan\tagsoup\tagsoup\1.2.1\tagsoup-1.2.1.jar;C:\Users\Nitesh.kc\.m2\io\rest-assured\json-path\3.3.0\json-path-3.3.0.jar;C:\Users\Nitesh.kc\.m2\org\codehaus\groovy\groovy-json\2.5.13\groovy-json-2.5.13.jar;C:\Users\Nitesh.kc\.m2\io\rest-assured\rest-assured-common\3.3.0\rest-assured-common-3.3.0.jar;C:\Users\Nitesh.kc\.m2\io\rest-assured\xml-path\3.3.0\xml-path-3.3.0.jar;C:\Users\Nitesh.kc\.m2\javax\xml\bind\jaxb-api\2.3.1\jaxb-api-2.3.1.jar;C:\Users\Nitesh.kc\.m2\javax\activation\javax.activation-api\1.2.0\javax.activation-api-1.2.0.jar;C:\Users\Nitesh.kc\.m2\com\sun\xml\bind\jaxb-osgi\2.2.10\jaxb-osgi-2.2.10.jar;C:\Users\Nitesh.kc\.m2\org\apache\sling\org.apache.sling.javax.activation\0.1.0\org.apache.sling.javax.activation-0.1.0.jar;C:\Users\Nitesh.kc\.m2\javax\activation\activation\1.1.1\activation-1.1.1.jar;C:\Users\Nitesh.kc\.m2\io\rest-assured\spring-commons\4.2.0\spring-commons-4.2.0.jar;C:\Users\Nitesh.kc\.m2\com\github\tomakehurst\wiremock\2.26.3\wiremock-2.26.3.jar;C:\Users\Nitesh.kc\.m2\org\eclipse\jetty\jetty-server\9.4.30.v20200611\jetty-server-9.4.30.v20200611.jar;C:\Users\Nitesh.kc\.m2\javax\servlet\javax.servlet-api\4.0.1\javax.servlet-api-4.0.1.jar;C:\Users\Nitesh.kc\.m2\org\eclipse\jetty\jetty-http\9.4.30.v20200611\jetty-http-9.4.30.v20200611.jar;C:\Users\Nitesh.kc\.m2\org\eclipse\jetty\jetty-io\9.4.30.v20200611\jetty-io-9.4.30.v20200611.jar;C:\Users\Nitesh.kc\.m2\org\eclipse\jetty\jetty-servlet\9.4.30.v20200611\jetty-servlet-9.4.30.v20200611.jar;C:\Users\Nitesh.kc\.m2\org\eclipse\jetty\jetty-security\9.4.30.v20200611\jetty-security-9.4.30.v20200611.jar;C:\Users\Nitesh.kc\.m2\org\eclipse\jetty\jetty-servlets\9.4.30.v20200611\jetty-servlets-9.4.30.v20200611.jar;C:\Users\Nitesh.kc\.m2\org\eclipse\jetty\jetty-continuation\9.4.30.v20200611\jetty-continuation-9.4.30.v20200611.jar;C:\Users\Nitesh.kc\.m2\org\eclipse\jetty\jetty-util\9.4.30.v20200611\jetty-util-9.4.30.v20200611.jar;C:\Users\Nitesh.kc\.m2\org\eclipse\jetty\jetty-webapp\9.4.30.v20200611\jetty-webapp-9.4.30.v20200611.jar;C:\Users\Nitesh.kc\.m2\org\eclipse\jetty\jetty-xml\9.4.30.v20200611\jetty-xml-9.4.30.v20200611.jar;C:\Users\Nitesh.kc\.m2\com\google\guava\guava\20.0\guava-20.0.jar;C:\Users\Nitesh.kc\.m2\com\fasterxml\jackson\core\jackson-core\2.10.5\jackson-core-2.10.5.jar;C:\Users\Nitesh.kc\.m2\com\fasterxml\jackson\core\jackson-annotations\2.10.5\jackson-annotations-2.10.5.jar;C:\Users\Nitesh.kc\.m2\com\fasterxml\jackson\core\jackson-databind\2.10.5\jackson-databind-2.10.5.jar;C:\Users\Nitesh.kc\.m2\org\apache\httpcomponents\httpclient\4.5.12\httpclient-4.5.12.jar;C:\Users\Nitesh.kc\.m2\org\apache\httpcomponents\httpcore\4.4.13\httpcore-4.4.13.jar;C:\Users\Nitesh.kc\.m2\commons-codec\commons-codec\1.13\commons-codec-1.13.jar;C:\Users\Nitesh.kc\.m2\org\xmlunit\xmlunit-legacy\2.6.4\xmlunit-legacy-2.6.4.jar;C:\Users\Nitesh.kc\.m2\org\xmlunit\xmlunit-placeholders\2.6.4\xmlunit-placeholders-2.6.4.jar;C:\Users\Nitesh.kc\.m2\org\ow2\asm\asm\7.0\asm-7.0.jar;C:\Users\Nitesh.kc\.m2\org\slf4j\slf4j-api\1.7.30\slf4j-api-1.7.30.jar;C:\Users\Nitesh.kc\.m2\net\sf\jopt-simple\jopt-simple\5.0.3\jopt-simple-5.0.3.jar;C:\Users\Nitesh.kc\.m2\org\apache\commons\commons-lang3\3.9\commons-lang3-3.9.jar;C:\Users\Nitesh.kc\.m2\com\github\jknack\handlebars\4.0.7\handlebars-4.0.7.jar;C:\Users\Nitesh.kc\.m2\org\antlr\antlr4-runtime\4.7.1\antlr4-runtime-4.7.1.jar;C:\Users\Nitesh.kc\.m2\com\github\jknack\handlebars-helpers\4.0.7\handlebars-helpers-4.0.7.jar;C:\Users\Nitesh.kc\.m2\com\flipkart\zjsonpatch\zjsonpatch\0.4.4\zjsonpatch-0.4.4.jar;C:\Users\Nitesh.kc\.m2\commons-fileupload\commons-fileupload\1.4\commons-fileupload-1.4.jar;C:\Users\Nitesh.kc\.m2\commons-io\commons-io\2.2\commons-io-2.2.jar;C:\Users\Nitesh.kc\.m2\com\vimalselvam\cucumber-extentsreport\3.1.1\cucumber-extentsreport-3.1.1.jar;C:\Users\Nitesh.kc\.m2\com\aventstack\extentreports\3.1.5\extentreports-3.1.5.jar;C:\Users\Nitesh.kc\.m2\org\freemarker\freemarker\2.3.30\freemarker-2.3.30.jar;C:\Users\Nitesh.kc\.m2\org\mongodb\mongodb-driver\3.11.2\mongodb-driver-3.11.2.jar;C:\Users\Nitesh.kc\.m2\org\mongodb\bson\3.11.2\bson-3.11.2.jar;C:\Users\Nitesh.kc\.m2\org\mongodb\mongodb-driver-core\3.11.2\mongodb-driver-core-3.11.2.jar;C:\Users\Nitesh.kc\.m2\org\apache\httpcomponents\httpmime\4.5.12\httpmime-4.5.12.jar;C:\Users\Nitesh.kc\.m2\org\jsoup\jsoup\1.9.2\jsoup-1.9.2.jar;C:\Users\Nitesh.kc\.m2\com\google\code\gson\gson\2.8.6\gson-2.8.6.jar;C:\Users\Nitesh.kc\.m2\org\testng\testng\7.0.0\testng-7.0.0.jar;C:\Users\Nitesh.kc\.m2\com\beust\jcommander\1.72\jcommander-1.72.jar;"/>
    <property name="sun.cpu.endian" value="little"/>
    <property name="user.home" value="C:\Users\Nitesh.kc"/>
    <property name="user.language" value="en"/>
    <property name="java.specification.vendor" value="Oracle Corporation"/>
    <property name="java.version.date" value="2020-04-14"/>
    <property name="java.home" value="C:\Program Files\Java\jdk-11.0.7"/>
    <property name="file.separator" value="\"/>
    <property name="basedir" value="C:\Users\Nitesh.kc\personal\Assignment\employee"/>
    <property name="java.vm.compressedOopsMode" value="Zero based"/>
    <property name="line.separator" value="&#10;"/>
    <property name="java.specification.name" value="Java Platform API Specification"/>
    <property name="java.vm.specification.vendor" value="Oracle Corporation"/>
    <property name="java.awt.graphicsenv" value="sun.awt.Win32GraphicsEnvironment"/>
    <property name="surefire.real.class.path" value="C:\Users\Nitesh.kc\AppData\Local\Temp\surefire6116610243378524641\surefirebooter10663518114981364938.jar"/>
    <property name="user.script" value=""/>
    <property name="sun.management.compiler" value="HotSpot 64-Bit Tiered Compilers"/>
    <property name="java.runtime.version" value="11.0.7+8-LTS"/>
    <property name="user.name" value="Nitesh.kc"/>
    <property name="path.separator" value=";"/>
    <property name="os.version" value="10.0"/>
    <property name="java.runtime.name" value="Java(TM) SE Runtime Environment"/>
    <property name="file.encoding" value="Cp1252"/>
    <property name="java.vm.name" value="Java HotSpot(TM) 64-Bit Server VM"/>
    <property name="java.vendor.version" value="18.9"/>
    <property name="localRepository" value="C:\Users\Nitesh.kc\.m2"/>
    <property name="java.vendor.url.bug" value="https://bugreport.java.com/bugreport/"/>
    <property name="java.io.tmpdir" value="C:\Users\Nitesh.kc\AppData\Local\Temp\"/>
    <property name="java.version" value="11.0.7"/>
    <property name="user.dir" value="C:\Users\Nitesh.kc\personal\Assignment\employee"/>
    <property name="os.arch" value="amd64"/>
    <property name="java.vm.specification.name" value="Java Virtual Machine Specification"/>
    <property name="java.awt.printerjob" value="sun.awt.windows.WPrinterJob"/>
    <property name="sun.os.patch.level" value=""/>
    <property name="java.library.path" value="C:\Program Files\Java\jdk-11.0.7\bin;C:\WINDOWS\Sun\Java\bin;C:\WINDOWS\system32;C:\WINDOWS;C:\Program Files\AdoptOpenJDK\jdk-11.0.7.10-openj9\bin;C:\Program Files (x86)\Common Files\Oracle\Java\javapath;C:\WINDOWS\system32;C:\WINDOWS;C:\WINDOWS\System32\Wbem;C:\WINDOWS\System32\WindowsPowerShell\v1.0\;C:\WINDOWS\System32\OpenSSH\;C:\Program Files\Intel\WiFi\bin\;C:\Program Files\Common Files\Intel\WirelessCommon\;C:\Program Files (x86)\Intel\Intel(R) Management Engine Components\DAL;C:\Program Files\Intel\Intel(R) Management Engine Components\DAL;C:\Program Files\Java\jdk-11.0.7\bin;C:\Program Files\TortoiseGit\bin;C:\Users\Nitesh.kc\apache-maven-3.6.2-bin\apache-maven-3.6.2\bin;C:\Program Files\Git\cmd;C:\Program Files\nodejs\;C:\Program Files (x86)\Yarn\bin\;C:\Program Files\PuTTY\;C:\Program Files (x86)\scala\bin;;C:\Program Files\Docker\Docker\resources\bin;C:\ProgramData\DockerDesktop\version-bin;C:\Users\Nitesh.kc\AppData\Local\Microsoft\WindowsApps;C:\Users\Nitesh.kc\AppData\Roaming\npm;C:\Users\Nitesh.kc\AppData\Local\Yarn\bin;C:\Users\Nitesh.kc\AppData\Local\Programs\Fiddler;C:\Users\Nitesh.kc\AppData\Local\Programs\Microsoft VS Code\bin;C:\Users\Nitesh.kc\AppData\Local\Microsoft\WindowsApps;;."/>
    <property name="java.vendor" value="Oracle Corporation"/>
    <property name="java.vm.info" value="mixed mode"/>
    <property name="java.vm.version" value="11.0.7+8-LTS"/>
    <property name="idea.version2019.3" value="true"/>
    <property name="sun.io.unicode.encoding" value="UnicodeLittle"/>
    <property name="java.class.version" value="55.0"/>
  </properties>
</testsuite>